# JRE version: OpenJDK Runtime Environment (8.0_152-b02) (build 1.8.0_152-release-1024-b02)
# Java VM: OpenJDK 64-Bit Server VM (25.152-b02 mixed mode windows-amd64 compressed oops)
Heap:
 PSYoungGen      total 176640K, used 162091K [0x00000000e0000000, 0x00000000ee300000, 0x0000000100000000)
  eden space 153088K, 90% used [0x00000000e0000000,0x00000000e874f8f8,0x00000000e9580000)
  from space 23552K, 99% used [0x00000000e9580000,0x00000000eac7b5e8,0x00000000eac80000)
  to   space 28672K, 0% used [0x00000000ec700000,0x00000000ec700000,0x00000000ee300000)
 ParOldGen       total 97792K, used 40305K [0x00000000a0000000, 0x00000000a5f80000, 0x00000000e0000000)
  object space 97792K, 41% used [0x00000000a0000000,0x00000000a275c478,0x00000000a5f80000)
 Metaspace       used 70837K, capacity 73456K, committed 73728K, reserved 1114112K
  class space    used 9284K, capacity 9907K, committed 9984K, reserved 1048576K
GC Heap History (10 events):
Event: 69.986 GC heap before
{Heap before GC invocations=12 (full 2):
 PSYoungGen      total 147456K, used 43109K [0x00000000e0000000, 0x00000000ec380000, 0x0000000100000000)
  eden space 132096K, 21% used [0x00000000e0000000,0x00000000e1b1b040,0x00000000e8100000)
  from space 15360K, 99% used [0x00000000e8100000,0x00000000e8ffe3c0,0x00000000e9000000)
  to   space 17408K, 0% used [0x00000000eb280000,0x00000000eb280000,0x00000000ec380000)
 ParOldGen       total 97792K, used 18703K [0x00000000a0000000, 0x00000000a5f80000, 0x00000000e0000000)
  object space 97792K, 19% used [0x00000000a0000000,0x00000000a1243e38,0x00000000a5f80000)
 Metaspace       used 53169K, capacity 54612K, committed 54656K, reserved 1099776K
  class space    used 7135K, capacity 7536K, committed 7552K, reserved 1048576K
Event: 70.004 GC heap after
Heap after GC invocations=12 (full 2):
 PSYoungGen      total 149504K, used 12902K [0x00000000e0000000, 0x00000000ec380000, 0x0000000100000000)
  eden space 132096K, 0% used [0x00000000e0000000,0x00000000e0000000,0x00000000e8100000)
  from space 17408K, 74% used [0x00000000eb280000,0x00000000ebf19bf8,0x00000000ec380000)
  to   space 15360K, 0% used [0x00000000e8100000,0x00000000e8100000,0x00000000e9000000)
 ParOldGen       total 97792K, used 18711K [0x00000000a0000000, 0x00000000a5f80000, 0x00000000e0000000)
  object space 97792K, 19% used [0x00000000a0000000,0x00000000a1245e38,0x00000000a5f80000)
 Metaspace       used 53169K, capacity 54612K, committed 54656K, reserved 1099776K
  class space    used 7135K, capacity 7536K, committed 7552K, reserved 1048576K
}
Event: 70.004 GC heap before
{Heap before GC invocations=13 (full 3):
 PSYoungGen      total 149504K, used 12902K [0x00000000e0000000, 0x00000000ec380000, 0x0000000100000000)
  eden space 132096K, 0% used [0x00000000e0000000,0x00000000e0000000,0x00000000e8100000)
  from space 17408K, 74% used [0x00000000eb280000,0x00000000ebf19bf8,0x00000000ec380000)
  to   space 15360K, 0% used [0x00000000e8100000,0x00000000e8100000,0x00000000e9000000)
 ParOldGen       total 97792K, used 18711K [0x00000000a0000000, 0x00000000a5f80000, 0x00000000e0000000)
  object space 97792K, 19% used [0x00000000a0000000,0x00000000a1245e38,0x00000000a5f80000)
 Metaspace       used 53169K, capacity 54612K, committed 54656K, reserved 1099776K
  class space    used 7135K, capacity 7536K, committed 7552K, reserved 1048576K
Event: 70.302 GC heap after
Heap after GC invocations=13 (full 3):
 PSYoungGen      total 149504K, used 0K [0x00000000e0000000, 0x00000000ec380000, 0x0000000100000000)
  eden space 132096K, 0% used [0x00000000e0000000,0x00000000e0000000,0x00000000e8100000)
  from space 17408K, 0% used [0x00000000eb280000,0x00000000eb280000,0x00000000ec380000)
  to   space 15360K, 0% used [0x00000000e8100000,0x00000000e8100000,0x00000000e9000000)
 ParOldGen       total 97792K, used 28477K [0x00000000a0000000, 0x00000000a5f80000, 0x00000000e0000000)
  object space 97792K, 29% used [0x00000000a0000000,0x00000000a1bcf690,0x00000000a5f80000)
 Metaspace       used 53169K, capacity 54612K, committed 54656K, reserved 1097728K
  class space    used 7135K, capacity 7536K, committed 7552K, reserved 1048576K
}
Event: 76.855 GC heap before
{Heap before GC invocations=14 (full 3):
 PSYoungGen      total 149504K, used 132096K [0x00000000e0000000, 0x00000000ec380000, 0x0000000100000000)
  eden space 132096K, 100% used [0x00000000e0000000,0x00000000e8100000,0x00000000e8100000)
  from space 17408K, 0% used [0x00000000eb280000,0x00000000eb280000,0x00000000ec380000)
  to   space 15360K, 0% used [0x00000000e8100000,0x00000000e8100000,0x00000000e9000000)
 ParOldGen       total 97792K, used 28477K [0x00000000a0000000, 0x00000000a5f80000, 0x00000000e0000000)
  object space 97792K, 29% used [0x00000000a0000000,0x00000000a1bcf690,0x00000000a5f80000)
 Metaspace       used 57460K, capacity 59152K, committed 59264K, reserved 1099776K
  class space    used 7817K, capacity 8281K, committed 8320K, reserved 1048576K
Event: 76.883 GC heap after
Heap after GC invocations=14 (full 3):
 PSYoungGen      total 147456K, used 14551K [0x00000000e0000000, 0x00000000ebf00000, 0x0000000100000000)
  eden space 132096K, 0% used [0x00000000e0000000,0x00000000e0000000,0x00000000e8100000)
  from space 15360K, 94% used [0x00000000e8100000,0x00000000e8f35fc8,0x00000000e9000000)
  to   space 18944K, 0% used [0x00000000eac80000,0x00000000eac80000,0x00000000ebf00000)
 ParOldGen       total 97792K, used 28485K [0x00000000a0000000, 0x00000000a5f80000, 0x00000000e0000000)
  object space 97792K, 29% used [0x00000000a0000000,0x00000000a1bd1690,0x00000000a5f80000)
 Metaspace       used 57460K, capacity 59152K, committed 59264K, reserved 1099776K
  class space    used 7817K, capacity 8281K, committed 8320K, reserved 1048576K
}
Event: 101.387 GC heap before
{Heap before GC invocations=15 (full 3):
 PSYoungGen      total 147456K, used 146647K [0x00000000e0000000, 0x00000000ebf00000, 0x0000000100000000)
  eden space 132096K, 100% used [0x00000000e0000000,0x00000000e8100000,0x00000000e8100000)
  from space 15360K, 94% used [0x00000000e8100000,0x00000000e8f35fc8,0x00000000e9000000)
  to   space 18944K, 0% used [0x00000000eac80000,0x00000000eac80000,0x00000000ebf00000)
 ParOldGen       total 97792K, used 28485K [0x00000000a0000000, 0x00000000a5f80000, 0x00000000e0000000)
  object space 97792K, 29% used [0x00000000a0000000,0x00000000a1bd1690,0x00000000a5f80000)
 Metaspace       used 63819K, capacity 66030K, committed 66304K, reserved 1105920K
  class space    used 8572K, capacity 9124K, committed 9216K, reserved 1048576K
Event: 101.418 GC heap after
Heap after GC invocations=15 (full 3):
 PSYoungGen      total 172032K, used 18925K [0x00000000e0000000, 0x00000000ec480000, 0x0000000100000000)
  eden space 153088K, 0% used [0x00000000e0000000,0x00000000e0000000,0x00000000e9580000)
  from space 18944K, 99% used [0x00000000eac80000,0x00000000ebefb5d8,0x00000000ebf00000)
  to   space 23552K, 0% used [0x00000000e9580000,0x00000000e9580000,0x00000000eac80000)
 ParOldGen       total 97792K, used 34606K [0x00000000a0000000, 0x00000000a5f80000, 0x00000000e0000000)
  object space 97792K, 35% used [0x00000000a0000000,0x00000000a21cba48,0x00000000a5f80000)
 Metaspace       used 63819K, capacity 66030K, committed 66304K, reserved 1105920K
  class space    used 8572K, capacity 9124K, committed 9216K, reserved 1048576K
}
Event: 132.276 GC heap before
{Heap before GC invocations=16 (full 3):
 PSYoungGen      total 172032K, used 172013K [0x00000000e0000000, 0x00000000ec480000, 0x0000000100000000)
  eden space 153088K, 100% used [0x00000000e0000000,0x00000000e9580000,0x00000000e9580000)
  from space 18944K, 99% used [0x00000000eac80000,0x00000000ebefb5d8,0x00000000ebf00000)
  to   space 23552K, 0% used [0x00000000e9580000,0x00000000e9580000,0x00000000eac80000)
 ParOldGen       total 97792K, used 34606K [0x00000000a0000000, 0x00000000a5f80000, 0x00000000e0000000)
  object space 97792K, 35% used [0x00000000a0000000,0x00000000a21cba48,0x00000000a5f80000)
 Metaspace       used 69302K, capacity 71662K, committed 71936K, reserved 1112064K
  class space    used 9137K, capacity 9708K, committed 9728K, reserved 1048576K
Event: 132.309 GC heap after
Heap after GC invocations=16 (full 3):
 PSYoungGen      total 176640K, used 23533K [0x00000000e0000000, 0x00000000ee300000, 0x0000000100000000)
  eden space 153088K, 0% used [0x00000000e0000000,0x00000000e0000000,0x00000000e9580000)
  from space 23552K, 99% used [0x00000000e9580000,0x00000000eac7b5e8,0x00000000eac80000)
  to   space 28672K, 0% used [0x00000000ec700000,0x00000000ec700000,0x00000000ee300000)
 ParOldGen       total 97792K, used 40305K [0x00000000a0000000, 0x00000000a5f80000, 0x00000000e0000000)
  object space 97792K, 41% used [0x00000000a0000000,0x00000000a275c478,0x00000000a5f80000)
 Metaspace       used 69302K, capacity 71662K, committed 71936K, reserved 1112064K
  class space    used 9137K, capacity 9708K, committed 9728K, reserved 1048576K
}

