# JRE version: OpenJDK Runtime Environment (8.0_152-b02) (build 1.8.0_152-release-1024-b02)
# Java VM: OpenJDK 64-Bit Server VM (25.152-b02 mixed mode windows-amd64 compressed oops)
Heap:
 PSYoungGen      total 289792K, used 168925K [0x00000000e0000000, 0x00000000f6800000, 0x0000000100000000)
  eden space 266240K, 63% used [0x00000000e0000000,0x00000000ea4f75b0,0x00000000f0400000)
  from space 23552K, 0% used [0x00000000f0400000,0x00000000f0400000,0x00000000f1b00000)
  to   space 25600K, 0% used [0x00000000f4f00000,0x00000000f4f00000,0x00000000f6800000)
 ParOldGen       total 147456K, used 33241K [0x00000000a0000000, 0x00000000a9000000, 0x00000000e0000000)
  object space 147456K, 22% used [0x00000000a0000000,0x00000000a2076568,0x00000000a9000000)
 Metaspace       used 68240K, capacity 70278K, committed 70420K, reserved 1110016K
  class space    used 8962K, capacity 9440K, committed 9532K, reserved 1048576K
GC Heap History (10 events):
Event: 17.460 GC heap before
{Heap before GC invocations=8 (full 2):
 PSYoungGen      total 206848K, used 8553K [0x00000000e0000000, 0x00000000ed800000, 0x0000000100000000)
  eden space 193536K, 0% used [0x00000000e0000000,0x00000000e0000000,0x00000000ebd00000)
  from space 13312K, 64% used [0x00000000ecb00000,0x00000000ed35a758,0x00000000ed800000)
  to   space 13824K, 0% used [0x00000000ebd00000,0x00000000ebd00000,0x00000000eca80000)
 ParOldGen       total 64000K, used 16461K [0x00000000a0000000, 0x00000000a3e80000, 0x00000000e0000000)
  object space 64000K, 25% used [0x00000000a0000000,0x00000000a10134c0,0x00000000a3e80000)
 Metaspace       used 34886K, capacity 35334K, committed 35416K, reserved 1079296K
  class space    used 4785K, capacity 4951K, committed 4992K, reserved 1048576K
Event: 17.534 GC heap after
Heap after GC invocations=8 (full 2):
 PSYoungGen      total 206848K, used 0K [0x00000000e0000000, 0x00000000ed800000, 0x0000000100000000)
  eden space 193536K, 0% used [0x00000000e0000000,0x00000000e0000000,0x00000000ebd00000)
  from space 13312K, 0% used [0x00000000ecb00000,0x00000000ecb00000,0x00000000ed800000)
  to   space 13824K, 0% used [0x00000000ebd00000,0x00000000ebd00000,0x00000000eca80000)
 ParOldGen       total 102400K, used 17220K [0x00000000a0000000, 0x00000000a6400000, 0x00000000e0000000)
  object space 102400K, 16% used [0x00000000a0000000,0x00000000a10d1178,0x00000000a6400000)
 Metaspace       used 34886K, capacity 35334K, committed 35416K, reserved 1079296K
  class space    used 4785K, capacity 4951K, committed 4992K, reserved 1048576K
}
Event: 32.450 GC heap before
{Heap before GC invocations=9 (full 2):
 PSYoungGen      total 206848K, used 193536K [0x00000000e0000000, 0x00000000ed800000, 0x0000000100000000)
  eden space 193536K, 100% used [0x00000000e0000000,0x00000000ebd00000,0x00000000ebd00000)
  from space 13312K, 0% used [0x00000000ecb00000,0x00000000ecb00000,0x00000000ed800000)
  to   space 13824K, 0% used [0x00000000ebd00000,0x00000000ebd00000,0x00000000eca80000)
 ParOldGen       total 102400K, used 17220K [0x00000000a0000000, 0x00000000a6400000, 0x00000000e0000000)
  object space 102400K, 16% used [0x00000000a0000000,0x00000000a10d1178,0x00000000a6400000)
 Metaspace       used 46183K, capacity 46996K, committed 47192K, reserved 1089536K
  class space    used 6245K, capacity 6463K, committed 6528K, reserved 1048576K
Event: 32.474 GC heap after
Heap after GC invocations=9 (full 2):
 PSYoungGen      total 207360K, used 13797K [0x00000000e0000000, 0x00000000f3200000, 0x0000000100000000)
  eden space 193536K, 0% used [0x00000000e0000000,0x00000000e0000000,0x00000000ebd00000)
  from space 13824K, 99% used [0x00000000ebd00000,0x00000000eca794f8,0x00000000eca80000)
  to   space 17920K, 0% used [0x00000000f2080000,0x00000000f2080000,0x00000000f3200000)
 ParOldGen       total 102400K, used 20700K [0x00000000a0000000, 0x00000000a6400000, 0x00000000e0000000)
  object space 102400K, 20% used [0x00000000a0000000,0x00000000a1437258,0x00000000a6400000)
 Metaspace       used 46183K, capacity 46996K, committed 47192K, reserved 1089536K
  class space    used 6245K, capacity 6463K, committed 6528K, reserved 1048576K
}
Event: 75.428 GC heap before
{Heap before GC invocations=10 (full 2):
 PSYoungGen      total 207360K, used 207333K [0x00000000e0000000, 0x00000000f3200000, 0x0000000100000000)
  eden space 193536K, 100% used [0x00000000e0000000,0x00000000ebd00000,0x00000000ebd00000)
  from space 13824K, 99% used [0x00000000ebd00000,0x00000000eca794f8,0x00000000eca80000)
  to   space 17920K, 0% used [0x00000000f2080000,0x00000000f2080000,0x00000000f3200000)
 ParOldGen       total 102400K, used 20700K [0x00000000a0000000, 0x00000000a6400000, 0x00000000e0000000)
  object space 102400K, 20% used [0x00000000a0000000,0x00000000a1437258,0x00000000a6400000)
 Metaspace       used 54775K, capacity 56250K, committed 56408K, reserved 1097728K
  class space    used 7416K, capacity 7774K, committed 7808K, reserved 1048576K
Event: 75.468 GC heap after
Heap after GC invocations=10 (full 2):
 PSYoungGen      total 284160K, used 17917K [0x00000000e0000000, 0x00000000f3200000, 0x0000000100000000)
  eden space 266240K, 0% used [0x00000000e0000000,0x00000000e0000000,0x00000000f0400000)
  from space 17920K, 99% used [0x00000000f2080000,0x00000000f31ff520,0x00000000f3200000)
  to   space 23552K, 0% used [0x00000000f0400000,0x00000000f0400000,0x00000000f1b00000)
 ParOldGen       total 102400K, used 27757K [0x00000000a0000000, 0x00000000a6400000, 0x00000000e0000000)
  object space 102400K, 27% used [0x00000000a0000000,0x00000000a1b1b780,0x00000000a6400000)
 Metaspace       used 54775K, capacity 56250K, committed 56408K, reserved 1097728K
  class space    used 7416K, capacity 7774K, committed 7808K, reserved 1048576K
}
Event: 116.649 GC heap before
{Heap before GC invocations=11 (full 2):
 PSYoungGen      total 284160K, used 197031K [0x00000000e0000000, 0x00000000f3200000, 0x0000000100000000)
  eden space 266240K, 67% used [0x00000000e0000000,0x00000000eaeea948,0x00000000f0400000)
  from space 17920K, 99% used [0x00000000f2080000,0x00000000f31ff520,0x00000000f3200000)
  to   space 23552K, 0% used [0x00000000f0400000,0x00000000f0400000,0x00000000f1b00000)
 ParOldGen       total 102400K, used 27757K [0x00000000a0000000, 0x00000000a6400000, 0x00000000e0000000)
  object space 102400K, 27% used [0x00000000a0000000,0x00000000a1b1b780,0x00000000a6400000)
 Metaspace       used 57298K, capacity 58962K, committed 59028K, reserved 1099776K
  class space    used 7657K, capacity 8076K, committed 8124K, reserved 1048576K
Event: 116.679 GC heap after
Heap after GC invocations=11 (full 2):
 PSYoungGen      total 289792K, used 19784K [0x00000000e0000000, 0x00000000f6800000, 0x0000000100000000)
  eden space 266240K, 0% used [0x00000000e0000000,0x00000000e0000000,0x00000000f0400000)
  from space 23552K, 84% used [0x00000000f0400000,0x00000000f1752040,0x00000000f1b00000)
  to   space 25600K, 0% used [0x00000000f4f00000,0x00000000f4f00000,0x00000000f6800000)
 ParOldGen       total 102400K, used 27765K [0x00000000a0000000, 0x00000000a6400000, 0x00000000e0000000)
  object space 102400K, 27% used [0x00000000a0000000,0x00000000a1b1d780,0x00000000a6400000)
 Metaspace       used 57298K, capacity 58962K, committed 59028K, reserved 1099776K
  class space    used 7657K, capacity 8076K, committed 8124K, reserved 1048576K
}
Event: 116.679 GC heap before
{Heap before GC invocations=12 (full 3):
 PSYoungGen      total 289792K, used 19784K [0x00000000e0000000, 0x00000000f6800000, 0x0000000100000000)
  eden space 266240K, 0% used [0x00000000e0000000,0x00000000e0000000,0x00000000f0400000)
  from space 23552K, 84% used [0x00000000f0400000,0x00000000f1752040,0x00000000f1b00000)
  to   space 25600K, 0% used [0x00000000f4f00000,0x00000000f4f00000,0x00000000f6800000)
 ParOldGen       total 102400K, used 27765K [0x00000000a0000000, 0x00000000a6400000, 0x00000000e0000000)
  object space 102400K, 27% used [0x00000000a0000000,0x00000000a1b1d780,0x00000000a6400000)
 Metaspace       used 57298K, capacity 58962K, committed 59028K, reserved 1099776K
  class space    used 7657K, capacity 8076K, committed 8124K, reserved 1048576K
Event: 116.972 GC heap after
Heap after GC invocations=12 (full 3):
 PSYoungGen      total 289792K, used 0K [0x00000000e0000000, 0x00000000f6800000, 0x0000000100000000)
  eden space 266240K, 0% used [0x00000000e0000000,0x00000000e0000000,0x00000000f0400000)
  from space 23552K, 0% used [0x00000000f0400000,0x00000000f0400000,0x00000000f1b00000)
  to   space 25600K, 0% used [0x00000000f4f00000,0x00000000f4f00000,0x00000000f6800000)
 ParOldGen       total 147456K, used 33241K [0x00000000a0000000, 0x00000000a9000000, 0x00000000e0000000)
  object space 147456K, 22% used [0x00000000a0000000,0x00000000a2076568,0x00000000a9000000)
 Metaspace       used 57298K, capacity 58962K, committed 59028K, reserved 1099776K
  class space    used 7657K, capacity 8076K, committed 8124K, reserved 1048576K
}

