# JRE version: OpenJDK Runtime Environment (8.0_152-b02) (build 1.8.0_152-release-1024-b02)
# Java VM: OpenJDK 64-Bit Server VM (25.152-b02 mixed mode windows-amd64 compressed oops)
Heap:
 PSYoungGen      total 172544K, used 58256K [0x00000000e0000000, 0x00000000ebc00000, 0x0000000100000000)
  eden space 160768K, 29% used [0x00000000e0000000,0x00000000e2d98410,0x00000000e9d00000)
  from space 11776K, 98% used [0x00000000eaa00000,0x00000000eb54be38,0x00000000eb580000)
  to   space 13312K, 0% used [0x00000000e9d00000,0x00000000e9d00000,0x00000000eaa00000)
 ParOldGen       total 77824K, used 23087K [0x00000000a0000000, 0x00000000a4c00000, 0x00000000e0000000)
  object space 77824K, 29% used [0x00000000a0000000,0x00000000a168bcf8,0x00000000a4c00000)
 Metaspace       used 54998K, capacity 56652K, committed 56792K, reserved 1097728K
  class space    used 7490K, capacity 7907K, committed 7936K, reserved 1048576K
GC Heap History (10 events):
Event: 8.926 GC heap before
{Heap before GC invocations=10 (full 1):
 PSYoungGen      total 93184K, used 14239K [0x00000000e0000000, 0x00000000e7180000, 0x0000000100000000)
  eden space 83456K, 5% used [0x00000000e0000000,0x00000000e0467f48,0x00000000e5180000)
  from space 9728K, 99% used [0x00000000e5c80000,0x00000000e65ffd10,0x00000000e6600000)
  to   space 11264K, 0% used [0x00000000e5180000,0x00000000e5180000,0x00000000e5c80000)
 ParOldGen       total 58880K, used 9041K [0x00000000a0000000, 0x00000000a3980000, 0x00000000e0000000)
  object space 58880K, 15% used [0x00000000a0000000,0x00000000a08d4610,0x00000000a3980000)
 Metaspace       used 34667K, capacity 35244K, committed 35416K, reserved 1079296K
  class space    used 4788K, capacity 4972K, committed 4992K, reserved 1048576K
Event: 8.936 GC heap after
Heap after GC invocations=10 (full 1):
 PSYoungGen      total 94720K, used 5966K [0x00000000e0000000, 0x00000000e8f80000, 0x0000000100000000)
  eden space 83456K, 0% used [0x00000000e0000000,0x00000000e0000000,0x00000000e5180000)
  from space 11264K, 52% used [0x00000000e5180000,0x00000000e5753ab0,0x00000000e5c80000)
  to   space 11264K, 0% used [0x00000000e8480000,0x00000000e8480000,0x00000000e8f80000)
 ParOldGen       total 58880K, used 10537K [0x00000000a0000000, 0x00000000a3980000, 0x00000000e0000000)
  object space 58880K, 17% used [0x00000000a0000000,0x00000000a0a4a6a0,0x00000000a3980000)
 Metaspace       used 34667K, capacity 35244K, committed 35416K, reserved 1079296K
  class space    used 4788K, capacity 4972K, committed 4992K, reserved 1048576K
}
Event: 8.936 GC heap before
{Heap before GC invocations=11 (full 2):
 PSYoungGen      total 94720K, used 5966K [0x00000000e0000000, 0x00000000e8f80000, 0x0000000100000000)
  eden space 83456K, 0% used [0x00000000e0000000,0x00000000e0000000,0x00000000e5180000)
  from space 11264K, 52% used [0x00000000e5180000,0x00000000e5753ab0,0x00000000e5c80000)
  to   space 11264K, 0% used [0x00000000e8480000,0x00000000e8480000,0x00000000e8f80000)
 ParOldGen       total 58880K, used 10537K [0x00000000a0000000, 0x00000000a3980000, 0x00000000e0000000)
  object space 58880K, 17% used [0x00000000a0000000,0x00000000a0a4a6a0,0x00000000a3980000)
 Metaspace       used 34667K, capacity 35244K, committed 35416K, reserved 1079296K
  class space    used 4788K, capacity 4972K, committed 4992K, reserved 1048576K
Event: 9.030 GC heap after
Heap after GC invocations=11 (full 2):
 PSYoungGen      total 94720K, used 0K [0x00000000e0000000, 0x00000000e8f80000, 0x0000000100000000)
  eden space 83456K, 0% used [0x00000000e0000000,0x00000000e0000000,0x00000000e5180000)
  from space 11264K, 0% used [0x00000000e5180000,0x00000000e5180000,0x00000000e5c80000)
  to   space 11264K, 0% used [0x00000000e8480000,0x00000000e8480000,0x00000000e8f80000)
 ParOldGen       total 77824K, used 14164K [0x00000000a0000000, 0x00000000a4c00000, 0x00000000e0000000)
  object space 77824K, 18% used [0x00000000a0000000,0x00000000a0dd5130,0x00000000a4c00000)
 Metaspace       used 34667K, capacity 35244K, committed 35416K, reserved 1079296K
  class space    used 4788K, capacity 4972K, committed 4992K, reserved 1048576K
}
Event: 10.270 GC heap before
{Heap before GC invocations=12 (full 2):
 PSYoungGen      total 94720K, used 83456K [0x00000000e0000000, 0x00000000e8f80000, 0x0000000100000000)
  eden space 83456K, 100% used [0x00000000e0000000,0x00000000e5180000,0x00000000e5180000)
  from space 11264K, 0% used [0x00000000e5180000,0x00000000e5180000,0x00000000e5c80000)
  to   space 11264K, 0% used [0x00000000e8480000,0x00000000e8480000,0x00000000e8f80000)
 ParOldGen       total 77824K, used 14164K [0x00000000a0000000, 0x00000000a4c00000, 0x00000000e0000000)
  object space 77824K, 18% used [0x00000000a0000000,0x00000000a0dd5130,0x00000000a4c00000)
 Metaspace       used 39808K, capacity 40576K, committed 40792K, reserved 1085440K
  class space    used 5410K, capacity 5650K, committed 5760K, reserved 1048576K
Event: 10.286 GC heap after
Heap after GC invocations=12 (full 2):
 PSYoungGen      total 126976K, used 8758K [0x00000000e0000000, 0x00000000e8d80000, 0x0000000100000000)
  eden space 117760K, 0% used [0x00000000e0000000,0x00000000e0000000,0x00000000e7300000)
  from space 9216K, 95% used [0x00000000e8480000,0x00000000e8d0d890,0x00000000e8d80000)
  to   space 11264K, 0% used [0x00000000e7780000,0x00000000e7780000,0x00000000e8280000)
 ParOldGen       total 77824K, used 14172K [0x00000000a0000000, 0x00000000a4c00000, 0x00000000e0000000)
  object space 77824K, 18% used [0x00000000a0000000,0x00000000a0dd7130,0x00000000a4c00000)
 Metaspace       used 39808K, capacity 40576K, committed 40792K, reserved 1085440K
  class space    used 5410K, capacity 5650K, committed 5760K, reserved 1048576K
}
Event: 12.028 GC heap before
{Heap before GC invocations=13 (full 2):
 PSYoungGen      total 126976K, used 126518K [0x00000000e0000000, 0x00000000e8d80000, 0x0000000100000000)
  eden space 117760K, 100% used [0x00000000e0000000,0x00000000e7300000,0x00000000e7300000)
  from space 9216K, 95% used [0x00000000e8480000,0x00000000e8d0d890,0x00000000e8d80000)
  to   space 11264K, 0% used [0x00000000e7780000,0x00000000e7780000,0x00000000e8280000)
 ParOldGen       total 77824K, used 14172K [0x00000000a0000000, 0x00000000a4c00000, 0x00000000e0000000)
  object space 77824K, 18% used [0x00000000a0000000,0x00000000a0dd7130,0x00000000a4c00000)
 Metaspace       used 46402K, capacity 47392K, committed 47576K, reserved 1089536K
  class space    used 6285K, capacity 6581K, committed 6656K, reserved 1048576K
Event: 12.044 GC heap after
Heap after GC invocations=13 (full 2):
 PSYoungGen      total 133632K, used 9423K [0x00000000e0000000, 0x00000000eb580000, 0x0000000100000000)
  eden space 122368K, 0% used [0x00000000e0000000,0x00000000e0000000,0x00000000e7780000)
  from space 11264K, 83% used [0x00000000e7780000,0x00000000e80b3d48,0x00000000e8280000)
  to   space 11776K, 0% used [0x00000000eaa00000,0x00000000eaa00000,0x00000000eb580000)
 ParOldGen       total 77824K, used 19464K [0x00000000a0000000, 0x00000000a4c00000, 0x00000000e0000000)
  object space 77824K, 25% used [0x00000000a0000000,0x00000000a1302278,0x00000000a4c00000)
 Metaspace       used 46402K, capacity 47392K, committed 47576K, reserved 1089536K
  class space    used 6285K, capacity 6581K, committed 6656K, reserved 1048576K
}
Event: 15.394 GC heap before
{Heap before GC invocations=14 (full 2):
 PSYoungGen      total 133632K, used 131791K [0x00000000e0000000, 0x00000000eb580000, 0x0000000100000000)
  eden space 122368K, 100% used [0x00000000e0000000,0x00000000e7780000,0x00000000e7780000)
  from space 11264K, 83% used [0x00000000e7780000,0x00000000e80b3d48,0x00000000e8280000)
  to   space 11776K, 0% used [0x00000000eaa00000,0x00000000eaa00000,0x00000000eb580000)
 ParOldGen       total 77824K, used 19464K [0x00000000a0000000, 0x00000000a4c00000, 0x00000000e0000000)
  object space 77824K, 25% used [0x00000000a0000000,0x00000000a1302278,0x00000000a4c00000)
 Metaspace       used 53860K, capacity 55500K, committed 55640K, reserved 1097728K
  class space    used 7369K, capacity 7787K, committed 7808K, reserved 1048576K
Event: 15.427 GC heap after
Heap after GC invocations=14 (full 2):
 PSYoungGen      total 172544K, used 11567K [0x00000000e0000000, 0x00000000ebc00000, 0x0000000100000000)
  eden space 160768K, 0% used [0x00000000e0000000,0x00000000e0000000,0x00000000e9d00000)
  from space 11776K, 98% used [0x00000000eaa00000,0x00000000eb54be38,0x00000000eb580000)
  to   space 13312K, 0% used [0x00000000e9d00000,0x00000000e9d00000,0x00000000eaa00000)
 ParOldGen       total 77824K, used 23087K [0x00000000a0000000, 0x00000000a4c00000, 0x00000000e0000000)
  object space 77824K, 29% used [0x00000000a0000000,0x00000000a168bcf8,0x00000000a4c00000)
 Metaspace       used 53860K, capacity 55500K, committed 55640K, reserved 1097728K
  class space    used 7369K, capacity 7787K, committed 7808K, reserved 1048576K
}

