# JRE version: OpenJDK Runtime Environment (8.0_152-b02) (build 1.8.0_152-release-1024-b02)
# Java VM: OpenJDK 64-Bit Server VM (25.152-b02 mixed mode windows-amd64 compressed oops)
Heap:
 PSYoungGen      total 156672K, used 34497K [0x00000000e0000000, 0x00000000ecc80000, 0x0000000100000000)
  eden space 143872K, 23% used [0x00000000e0000000,0x00000000e21b0540,0x00000000e8c80000)
  from space 12800K, 0% used [0x00000000e8c80000,0x00000000e8c80000,0x00000000e9900000)
  to   space 15360K, 0% used [0x00000000ebd80000,0x00000000ebd80000,0x00000000ecc80000)
 ParOldGen       total 131072K, used 37002K [0x00000000a0000000, 0x00000000a8000000, 0x00000000e0000000)
  object space 131072K, 28% used [0x00000000a0000000,0x00000000a24229c0,0x00000000a8000000)
 Metaspace       used 59587K, capacity 61280K, committed 61528K, reserved 1101824K
  class space    used 8070K, capacity 8477K, committed 8576K, reserved 1048576K
GC Heap History (10 events):
Event: 9.249 GC heap before
{Heap before GC invocations=12 (full 2):
 PSYoungGen      total 94720K, used 83456K [0x00000000e0000000, 0x00000000e8a80000, 0x0000000100000000)
  eden space 83456K, 100% used [0x00000000e0000000,0x00000000e5180000,0x00000000e5180000)
  from space 11264K, 0% used [0x00000000e5180000,0x00000000e5180000,0x00000000e5c80000)
  to   space 10752K, 0% used [0x00000000e8000000,0x00000000e8000000,0x00000000e8a80000)
 ParOldGen       total 83456K, used 14463K [0x00000000a0000000, 0x00000000a5180000, 0x00000000e0000000)
  object space 83456K, 17% used [0x00000000a0000000,0x00000000a0e1fce8,0x00000000a5180000)
 Metaspace       used 39810K, capacity 40512K, committed 40792K, reserved 1085440K
  class space    used 5412K, capacity 5650K, committed 5760K, reserved 1048576K
Event: 9.263 GC heap after
Heap after GC invocations=12 (full 2):
 PSYoungGen      total 120320K, used 8705K [0x00000000e0000000, 0x00000000e8900000, 0x0000000100000000)
  eden space 111104K, 0% used [0x00000000e0000000,0x00000000e0000000,0x00000000e6c80000)
  from space 9216K, 94% used [0x00000000e8000000,0x00000000e88804f8,0x00000000e8900000)
  to   space 11264K, 0% used [0x00000000e7300000,0x00000000e7300000,0x00000000e7e00000)
 ParOldGen       total 83456K, used 14471K [0x00000000a0000000, 0x00000000a5180000, 0x00000000e0000000)
  object space 83456K, 17% used [0x00000000a0000000,0x00000000a0e21ce8,0x00000000a5180000)
 Metaspace       used 39810K, capacity 40512K, committed 40792K, reserved 1085440K
  class space    used 5412K, capacity 5650K, committed 5760K, reserved 1048576K
}
Event: 10.995 GC heap before
{Heap before GC invocations=13 (full 2):
 PSYoungGen      total 120320K, used 119809K [0x00000000e0000000, 0x00000000e8900000, 0x0000000100000000)
  eden space 111104K, 100% used [0x00000000e0000000,0x00000000e6c80000,0x00000000e6c80000)
  from space 9216K, 94% used [0x00000000e8000000,0x00000000e88804f8,0x00000000e8900000)
  to   space 11264K, 0% used [0x00000000e7300000,0x00000000e7300000,0x00000000e7e00000)
 ParOldGen       total 83456K, used 14471K [0x00000000a0000000, 0x00000000a5180000, 0x00000000e0000000)
  object space 83456K, 17% used [0x00000000a0000000,0x00000000a0e21ce8,0x00000000a5180000)
 Metaspace       used 46412K, capacity 47456K, committed 47576K, reserved 1089536K
  class space    used 6288K, capacity 6581K, committed 6656K, reserved 1048576K
Event: 11.013 GC heap after
Heap after GC invocations=13 (full 2):
 PSYoungGen      total 129024K, used 9362K [0x00000000e0000000, 0x00000000ea480000, 0x0000000100000000)
  eden space 117760K, 0% used [0x00000000e0000000,0x00000000e0000000,0x00000000e7300000)
  from space 11264K, 83% used [0x00000000e7300000,0x00000000e7c24b28,0x00000000e7e00000)
  to   space 11776K, 0% used [0x00000000e9900000,0x00000000e9900000,0x00000000ea480000)
 ParOldGen       total 83456K, used 19767K [0x00000000a0000000, 0x00000000a5180000, 0x00000000e0000000)
  object space 83456K, 23% used [0x00000000a0000000,0x00000000a134de20,0x00000000a5180000)
 Metaspace       used 46412K, capacity 47456K, committed 47576K, reserved 1089536K
  class space    used 6288K, capacity 6581K, committed 6656K, reserved 1048576K
}
Event: 14.700 GC heap before
{Heap before GC invocations=14 (full 2):
 PSYoungGen      total 129024K, used 127122K [0x00000000e0000000, 0x00000000ea480000, 0x0000000100000000)
  eden space 117760K, 100% used [0x00000000e0000000,0x00000000e7300000,0x00000000e7300000)
  from space 11264K, 83% used [0x00000000e7300000,0x00000000e7c24b28,0x00000000e7e00000)
  to   space 11776K, 0% used [0x00000000e9900000,0x00000000e9900000,0x00000000ea480000)
 ParOldGen       total 83456K, used 19767K [0x00000000a0000000, 0x00000000a5180000, 0x00000000e0000000)
  object space 83456K, 23% used [0x00000000a0000000,0x00000000a134de20,0x00000000a5180000)
 Metaspace       used 53834K, capacity 55500K, committed 55640K, reserved 1097728K
  class space    used 7372K, capacity 7787K, committed 7808K, reserved 1048576K
Event: 14.734 GC heap after
Heap after GC invocations=14 (full 2):
 PSYoungGen      total 155648K, used 11314K [0x00000000e0000000, 0x00000000eac00000, 0x0000000100000000)
  eden space 143872K, 0% used [0x00000000e0000000,0x00000000e0000000,0x00000000e8c80000)
  from space 11776K, 96% used [0x00000000e9900000,0x00000000ea40c808,0x00000000ea480000)
  to   space 12800K, 0% used [0x00000000e8c80000,0x00000000e8c80000,0x00000000e9900000)
 ParOldGen       total 83456K, used 23386K [0x00000000a0000000, 0x00000000a5180000, 0x00000000e0000000)
  object space 83456K, 28% used [0x00000000a0000000,0x00000000a16d68b0,0x00000000a5180000)
 Metaspace       used 53834K, capacity 55500K, committed 55640K, reserved 1097728K
  class space    used 7372K, capacity 7787K, committed 7808K, reserved 1048576K
}
Event: 27.427 GC heap before
{Heap before GC invocations=15 (full 2):
 PSYoungGen      total 155648K, used 104351K [0x00000000e0000000, 0x00000000eac00000, 0x0000000100000000)
  eden space 143872K, 64% used [0x00000000e0000000,0x00000000e5adb570,0x00000000e8c80000)
  from space 11776K, 96% used [0x00000000e9900000,0x00000000ea40c808,0x00000000ea480000)
  to   space 12800K, 0% used [0x00000000e8c80000,0x00000000e8c80000,0x00000000e9900000)
 ParOldGen       total 83456K, used 23386K [0x00000000a0000000, 0x00000000a5180000, 0x00000000e0000000)
  object space 83456K, 28% used [0x00000000a0000000,0x00000000a16d68b0,0x00000000a5180000)
 Metaspace       used 57155K, capacity 58880K, committed 59028K, reserved 1099776K
  class space    used 7788K, capacity 8189K, committed 8192K, reserved 1048576K
Event: 27.454 GC heap after
Heap after GC invocations=15 (full 2):
 PSYoungGen      total 156672K, used 12784K [0x00000000e0000000, 0x00000000ecc80000, 0x0000000100000000)
  eden space 143872K, 0% used [0x00000000e0000000,0x00000000e0000000,0x00000000e8c80000)
  from space 12800K, 99% used [0x00000000e8c80000,0x00000000e98fc040,0x00000000e9900000)
  to   space 15360K, 0% used [0x00000000ebd80000,0x00000000ebd80000,0x00000000ecc80000)
 ParOldGen       total 83456K, used 25905K [0x00000000a0000000, 0x00000000a5180000, 0x00000000e0000000)
  object space 83456K, 31% used [0x00000000a0000000,0x00000000a194c650,0x00000000a5180000)
 Metaspace       used 57155K, capacity 58880K, committed 59028K, reserved 1099776K
  class space    used 7788K, capacity 8189K, committed 8192K, reserved 1048576K
}
Event: 27.454 GC heap before
{Heap before GC invocations=16 (full 3):
 PSYoungGen      total 156672K, used 12784K [0x00000000e0000000, 0x00000000ecc80000, 0x0000000100000000)
  eden space 143872K, 0% used [0x00000000e0000000,0x00000000e0000000,0x00000000e8c80000)
  from space 12800K, 99% used [0x00000000e8c80000,0x00000000e98fc040,0x00000000e9900000)
  to   space 15360K, 0% used [0x00000000ebd80000,0x00000000ebd80000,0x00000000ecc80000)
 ParOldGen       total 83456K, used 25905K [0x00000000a0000000, 0x00000000a5180000, 0x00000000e0000000)
  object space 83456K, 31% used [0x00000000a0000000,0x00000000a194c650,0x00000000a5180000)
 Metaspace       used 57155K, capacity 58880K, committed 59028K, reserved 1099776K
  class space    used 7788K, capacity 8189K, committed 8192K, reserved 1048576K
Event: 27.832 GC heap after
Heap after GC invocations=16 (full 3):
 PSYoungGen      total 156672K, used 0K [0x00000000e0000000, 0x00000000ecc80000, 0x0000000100000000)
  eden space 143872K, 0% used [0x00000000e0000000,0x00000000e0000000,0x00000000e8c80000)
  from space 12800K, 0% used [0x00000000e8c80000,0x00000000e8c80000,0x00000000e9900000)
  to   space 15360K, 0% used [0x00000000ebd80000,0x00000000ebd80000,0x00000000ecc80000)
 ParOldGen       total 131072K, used 37002K [0x00000000a0000000, 0x00000000a8000000, 0x00000000e0000000)
  object space 131072K, 28% used [0x00000000a0000000,0x00000000a24229c0,0x00000000a8000000)
 Metaspace       used 57155K, capacity 58880K, committed 59028K, reserved 1099776K
  class space    used 7788K, capacity 8189K, committed 8192K, reserved 1048576K
}

